Arguments: 
  C:\Program Files\nodejs\node.exe C:\Program Files\nodejs\node_modules\yarn\bin\yarn.js add global httt-server

PATH: 
  C:\Users\SNQU\bin;C:\Program Files\Git\mingw64\bin;C:\Program Files\Git\usr\local\bin;C:\Program Files\Git\usr\bin;C:\Program Files\Git\usr\bin;C:\Program Files\Git\mingw64\bin;C:\Program Files\Git\usr\bin;C:\Users\SNQU\bin;C:\Windows\system32;C:\Windows;C:\Windows\System32\Wbem;C:\Windows\System32\WindowsPowerShell\v1.0;C:\Windows\System32\OpenSSH;C:\Program Files\Git\cmd;C:\Program Files\TortoiseGit\bin;D:\nvm;C:\Program Files\nodejs;C:\Users\SNQU\AppData\Local\Microsoft\WindowsApps;D:\nvm;C:\Program Files\nodejs;D:\nvm;C:\Program Files\nodejs;C:\Users\SNQU\AppData\Local\Yarn\bin;C:\Users\SNQU\AppData\Local\Microsoft\WindowsApps;D:\nvm;C:\Program Files\nodejs;D:\sofe\Microsoft VS Code\bin;D:\sofe\Fiddler;C:\Program Files\Git\usr\bin\vendor_perl;C:\Program Files\Git\usr\bin\core_perl

Yarn version: 
  1.15.2

Node version: 
  10.15.3

Platform: 
  win32 x64

Trace: 
  Error: https://registry.npmjs.org/httt-server: Not found
      at Request.params.callback [as _callback] (D:\nvm\v10.15.3\node_modules\yarn\lib\cli.js:66058:18)
      at Request.self.callback (D:\nvm\v10.15.3\node_modules\yarn\lib\cli.js:129541:22)
      at Request.emit (events.js:189:13)
      at Request.<anonymous> (D:\nvm\v10.15.3\node_modules\yarn\lib\cli.js:130513:10)
      at Request.emit (events.js:189:13)
      at IncomingMessage.<anonymous> (D:\nvm\v10.15.3\node_modules\yarn\lib\cli.js:130435:12)
      at Object.onceWrapper (events.js:277:13)
      at IncomingMessage.emit (events.js:194:15)
      at endReadableNT (_stream_readable.js:1125:12)
      at process._tickCallback (internal/process/next_tick.js:63:19)

npm manifest: 
  No manifest

yarn manifest: 
  No manifest

Lockfile: 
  No lockfile
